Using pre-set license
Built from '2020.3/staging' branch; Version is '2020.3.0f1 (c7b5465681fb) revision 13088070'; Using compiler version '192528614'; Build Type 'Release'
OS: 'Windows 10 Home; OS build 26100.3194; Version 2009; 64bit' Language: 'en' Physical Memory: 32581 MB
BatchMode: 1, IsHumanControllingUs: 0, StartBugReporterOnCrash: 0, Is64bit: 1, IsPro: 0

 COMMAND LINE ARGUMENTS:
C:\Program Files\Unity\Hub\Editor\2020.3.0f1-x86_64\Editor\Unity.exe
-adb2
-batchMode
-noUpm
-name
AssetImportWorker0
-projectPath
C:/Users/matts/OneDrive/College/CSCD_439_Game_Develoment_1/UnityProjects/TeachSelfUnity3D
-logFile
Logs/AssetImportWorker0.log
-srvPort
52236
Successfully changed project path to: C:/Users/matts/OneDrive/College/CSCD_439_Game_Develoment_1/UnityProjects/TeachSelfUnity3D
C:/Users/matts/OneDrive/College/CSCD_439_Game_Develoment_1/UnityProjects/TeachSelfUnity3D
Using Asset Import Pipeline V2.
Refreshing native plugins compatible for Editor in 14.34 ms, found 0 plugins.
Preloading 0 native plugins for Editor in 0.00 ms.
Initialize engine version: 2020.3.0f1 (c7b5465681fb)
[Subsystems] Discovering subsystems at path C:/Program Files/Unity/Hub/Editor/2020.3.0f1-x86_64/Editor/Data/Resources/UnitySubsystems
[Subsystems] Discovering subsystems at path C:/Users/matts/OneDrive/College/CSCD_439_Game_Develoment_1/UnityProjects/TeachSelfUnity3D/Assets
GfxDevice: creating device client; threaded=0
Direct3D:
    Version:  Direct3D 11.0 [level 11.1]
    Renderer: NVIDIA GeForce RTX 4060 (ID=0x2882)
    Vendor:   
    VRAM:     7957 MB
    Driver:   32.0.15.7247
Initialize mono
Mono path[0] = 'C:/Program Files/Unity/Hub/Editor/2020.3.0f1-x86_64/Editor/Data/Managed'
Mono path[1] = 'C:/Program Files/Unity/Hub/Editor/2020.3.0f1-x86_64/Editor/Data/MonoBleedingEdge/lib/mono/unityjit'
Mono config path = 'C:/Program Files/Unity/Hub/Editor/2020.3.0f1-x86_64/Editor/Data/MonoBleedingEdge/etc'
Using monoOptions --debugger-agent=transport=dt_socket,embedding=1,server=y,suspend=n,address=127.0.0.1:56640
Begin MonoManager ReloadAssembly
Registering precompiled unity dll's ...
Register platform support module: C:/Program Files/Unity/Hub/Editor/2020.3.0f1-x86_64/Editor/Data/PlaybackEngines/WindowsStandaloneSupport/UnityEditor.WindowsStandalone.Extensions.dll
Registered in 0.002965 seconds.
Native extension for WindowsStandalone target not found
Refreshing native plugins compatible for Editor in 14.30 ms, found 0 plugins.
Preloading 0 native plugins for Editor in 0.00 ms.
Invoked RoslynAnalysisRunner static constructor.
RoslynAnalysisRunner will not be running.
RoslynAnalysisRunner has terminated.
Mono: successfully reloaded assembly
- Completed reload, in  0.738 seconds
Platform modules already initialized, skipping
Registering precompiled user dll's ...
Registered in 0.000915 seconds.
Begin MonoManager ReloadAssembly
Native extension for WindowsStandalone target not found
Refreshing native plugins compatible for Editor in 0.15 ms, found 0 plugins.
Preloading 0 native plugins for Editor in 0.00 ms.
Invoked RoslynAnalysisRunner static constructor.
RoslynAnalysisRunner will not be running.
RoslynAnalysisRunner has terminated.
Mono: successfully reloaded assembly
- Completed reload, in  0.469 seconds
Platform modules already initialized, skipping
========================================================================
Worker process is ready to serve import requests
Launched and connected shader compiler UnityShaderCompiler.exe after 0.03 seconds
Refreshing native plugins compatible for Editor in 0.16 ms, found 0 plugins.
Preloading 0 native plugins for Editor in 0.00 ms.
Unloading 1141 Unused Serialized files (Serialized files now loaded: 0)
System memory in use before: 76.4 MB.
System memory in use after: 76.5 MB.

Unloading 9 unused Assets to reduce memory usage. Loaded Objects now: 1610.
Total: 0.983000 ms (FindLiveObjects: 0.072100 ms CreateObjectMapping: 0.015800 ms MarkObjects: 0.834300 ms  DeleteObjects: 0.059800 ms)

========================================================================
Received Import Request.
  path: Assets/Scenes/Hour23
  artifactKey: Guid(3e1418bd849b77b4daef13d52d9bd5aa) Importer(815301076,1909f56bfc062723c751e8b465ee728b)
Start importing Assets/Scenes/Hour23 using Guid(3e1418bd849b77b4daef13d52d9bd5aa) Importer(815301076,1909f56bfc062723c751e8b465ee728b)  -> (artifact id: '04777812b6e1bc7507ef948b7f805aa1') in 0.015795 seconds
  Import took 0.017496 seconds .

========================================================================
Received Import Request.
  Time since last request: 15.467694 seconds.
  path: Assets/Scenes/Hour23/Scene1.unity
  artifactKey: Guid(ae72cc2110aff8a48a523236bc399324) Importer(815301076,1909f56bfc062723c751e8b465ee728b)
Start importing Assets/Scenes/Hour23/Scene1.unity using Guid(ae72cc2110aff8a48a523236bc399324) Importer(815301076,1909f56bfc062723c751e8b465ee728b)  -> (artifact id: '559c12efab816f8f7cbd2fb8b6090a65') in 0.010477 seconds
  Import took 0.012199 seconds .

========================================================================
Received Import Request.
  Time since last request: 21.802925 seconds.
  path: Assets/Scenes/Hour23/Scene2.unity
  artifactKey: Guid(818bf2a693bcc07438fb0f75dcb39a23) Importer(815301076,1909f56bfc062723c751e8b465ee728b)
Start importing Assets/Scenes/Hour23/Scene2.unity using Guid(818bf2a693bcc07438fb0f75dcb39a23) Importer(815301076,1909f56bfc062723c751e8b465ee728b)  -> (artifact id: '11b0c584ce8f6a192281f0263028b77b') in 0.009210 seconds
  Import took 0.010516 seconds .

========================================================================
Received Import Request.
  Time since last request: 304.246414 seconds.
  path: Assets/Scripts/Hour23
  artifactKey: Guid(37343eb5007a6ad45b27f8967836cb15) Importer(815301076,1909f56bfc062723c751e8b465ee728b)
Start importing Assets/Scripts/Hour23 using Guid(37343eb5007a6ad45b27f8967836cb15) Importer(815301076,1909f56bfc062723c751e8b465ee728b)  -> (artifact id: '872da1446d88f29a8b103ef352c92b59') in 0.009992 seconds
  Import took 0.012099 seconds .

========================================================================
Received Import Request.
  Time since last request: 19.768819 seconds.
  path: Assets/Scripts/Hour23/DontDestroy.cs
  artifactKey: Guid(64d78f75abfc0d7499695b267b7d0ae7) Importer(815301076,1909f56bfc062723c751e8b465ee728b)
Start importing Assets/Scripts/Hour23/DontDestroy.cs using Guid(64d78f75abfc0d7499695b267b7d0ae7) Importer(815301076,1909f56bfc062723c751e8b465ee728b)  -> (artifact id: '549bf124798d4f1dfe31969e1d66a094') in 0.037565 seconds
  Import took 0.039116 seconds .

========================================================================
Received Prepare
Registering precompiled user dll's ...
Registered in 0.000789 seconds.
Begin MonoManager ReloadAssembly
Native extension for WindowsStandalone target not found
Refreshing native plugins compatible for Editor in 0.15 ms, found 0 plugins.
Preloading 0 native plugins for Editor in 0.00 ms.
Invoked RoslynAnalysisRunner static constructor.
RoslynAnalysisRunner will not be running.
RoslynAnalysisRunner has terminated.
Mono: successfully reloaded assembly
- Completed reload, in  0.446 seconds
Platform modules already initialized, skipping
Refreshing native plugins compatible for Editor in 0.15 ms, found 0 plugins.
Preloading 0 native plugins for Editor in 0.00 ms.
Unloading 1132 Unused Serialized files (Serialized files now loaded: 0)
System memory in use before: 76.0 MB.
System memory in use after: 76.1 MB.

Unloading 4 unused Assets to reduce memory usage. Loaded Objects now: 1614.
Total: 1.129600 ms (FindLiveObjects: 0.145700 ms CreateObjectMapping: 0.019600 ms MarkObjects: 0.949700 ms  DeleteObjects: 0.013700 ms)

========================================================================
Received Import Request.
  Time since last request: 124.087974 seconds.
  path: Assets/Scripts/Hour23/DontDestroy.cs
  artifactKey: Guid(64d78f75abfc0d7499695b267b7d0ae7) Importer(815301076,1909f56bfc062723c751e8b465ee728b)
Start importing Assets/Scripts/Hour23/DontDestroy.cs using Guid(64d78f75abfc0d7499695b267b7d0ae7) Importer(815301076,1909f56bfc062723c751e8b465ee728b)  -> (artifact id: 'e03dd94dca5ded0e7096bf4105987943') in 0.005720 seconds
  Import took 0.008120 seconds .

========================================================================
Received Prepare
Registering precompiled user dll's ...
Registered in 0.000970 seconds.
Begin MonoManager ReloadAssembly
Native extension for WindowsStandalone target not found
Refreshing native plugins compatible for Editor in 0.16 ms, found 0 plugins.
Preloading 0 native plugins for Editor in 0.00 ms.
Invoked RoslynAnalysisRunner static constructor.
RoslynAnalysisRunner will not be running.
RoslynAnalysisRunner has terminated.
Mono: successfully reloaded assembly
- Completed reload, in  0.464 seconds
Platform modules already initialized, skipping
Refreshing native plugins compatible for Editor in 0.21 ms, found 0 plugins.
Preloading 0 native plugins for Editor in 0.00 ms.
Unloading 1132 Unused Serialized files (Serialized files now loaded: 0)
System memory in use before: 76.0 MB.
System memory in use after: 76.1 MB.

Unloading 4 unused Assets to reduce memory usage. Loaded Objects now: 1617.
Total: 1.372800 ms (FindLiveObjects: 0.115100 ms CreateObjectMapping: 0.022700 ms MarkObjects: 1.216100 ms  DeleteObjects: 0.017400 ms)

========================================================================
Received Import Request.
  Time since last request: 43.817345 seconds.
  path: Assets/Scripts/Hour23/DontDestroy.cs
  artifactKey: Guid(64d78f75abfc0d7499695b267b7d0ae7) Importer(815301076,1909f56bfc062723c751e8b465ee728b)
Start importing Assets/Scripts/Hour23/DontDestroy.cs using Guid(64d78f75abfc0d7499695b267b7d0ae7) Importer(815301076,1909f56bfc062723c751e8b465ee728b)  -> (artifact id: '051f300abad0dff743f93c076d0a9d0d') in 0.006292 seconds
  Import took 0.008069 seconds .

========================================================================
Received Prepare
Registering precompiled user dll's ...
Registered in 0.000831 seconds.
Begin MonoManager ReloadAssembly
Native extension for WindowsStandalone target not found
Refreshing native plugins compatible for Editor in 0.17 ms, found 0 plugins.
Preloading 0 native plugins for Editor in 0.00 ms.
Invoked RoslynAnalysisRunner static constructor.
RoslynAnalysisRunner will not be running.
RoslynAnalysisRunner has terminated.
Mono: successfully reloaded assembly
- Completed reload, in  0.455 seconds
Platform modules already initialized, skipping
Refreshing native plugins compatible for Editor in 0.19 ms, found 0 plugins.
Preloading 0 native plugins for Editor in 0.00 ms.
Unloading 1132 Unused Serialized files (Serialized files now loaded: 0)
System memory in use before: 76.0 MB.
System memory in use after: 76.1 MB.

Unloading 4 unused Assets to reduce memory usage. Loaded Objects now: 1620.
Total: 0.907600 ms (FindLiveObjects: 0.077000 ms CreateObjectMapping: 0.015400 ms MarkObjects: 0.800300 ms  DeleteObjects: 0.013500 ms)

========================================================================
Received Import Request.
  Time since last request: 216.431245 seconds.
  path: Assets/Scripts/Hour23/SaveData.cs
  artifactKey: Guid(6599d1042b9367f44b8eee641f4af3b0) Importer(815301076,1909f56bfc062723c751e8b465ee728b)
Start importing Assets/Scripts/Hour23/SaveData.cs using Guid(6599d1042b9367f44b8eee641f4af3b0) Importer(815301076,1909f56bfc062723c751e8b465ee728b)  -> (artifact id: '7f8cd6c5b19dafdc2c07c977e544cfac') in 0.007915 seconds
  Import took 0.009740 seconds .

========================================================================
Received Import Request.
  Time since last request: 0.000440 seconds.
  path: Assets/Scripts/Hour23/SaveData.cs
  artifactKey: Guid(6599d1042b9367f44b8eee641f4af3b0) Importer(815301076,1909f56bfc062723c751e8b465ee728b)
Start importing Assets/Scripts/Hour23/SaveData.cs using Guid(6599d1042b9367f44b8eee641f4af3b0) Importer(815301076,1909f56bfc062723c751e8b465ee728b)  -> (artifact id: '7f8cd6c5b19dafdc2c07c977e544cfac') in 0.002112 seconds
  Import took 0.003649 seconds .

========================================================================
Received Prepare
Registering precompiled user dll's ...
Registered in 0.000887 seconds.
Begin MonoManager ReloadAssembly
Native extension for WindowsStandalone target not found
Refreshing native plugins compatible for Editor in 0.15 ms, found 0 plugins.
Preloading 0 native plugins for Editor in 0.00 ms.
Invoked RoslynAnalysisRunner static constructor.
RoslynAnalysisRunner will not be running.
RoslynAnalysisRunner has terminated.
Mono: successfully reloaded assembly
- Completed reload, in  0.446 seconds
Platform modules already initialized, skipping
Refreshing native plugins compatible for Editor in 0.17 ms, found 0 plugins.
Preloading 0 native plugins for Editor in 0.00 ms.
Unloading 1133 Unused Serialized files (Serialized files now loaded: 0)
System memory in use before: 76.0 MB.
System memory in use after: 76.1 MB.

Unloading 4 unused Assets to reduce memory usage. Loaded Objects now: 1624.
Total: 0.935700 ms (FindLiveObjects: 0.077600 ms CreateObjectMapping: 0.015800 ms MarkObjects: 0.828400 ms  DeleteObjects: 0.012900 ms)

========================================================================
Received Import Request.
  Time since last request: 217.218101 seconds.
  path: Assets/Scripts/Hour23/SaveData.cs
  artifactKey: Guid(6599d1042b9367f44b8eee641f4af3b0) Importer(815301076,1909f56bfc062723c751e8b465ee728b)
Start importing Assets/Scripts/Hour23/SaveData.cs using Guid(6599d1042b9367f44b8eee641f4af3b0) Importer(815301076,1909f56bfc062723c751e8b465ee728b)  -> (artifact id: 'de226a33f4fac5e687533dc27c9e9f2a') in 0.005221 seconds
  Import took 0.007491 seconds .

========================================================================
Received Import Request.
  Time since last request: 84.646025 seconds.
  path: Assets/Scripts/Hour23/LoadData.cs
  artifactKey: Guid(ce068e2157673bf4e85f9619b88668d0) Importer(815301076,1909f56bfc062723c751e8b465ee728b)
Start importing Assets/Scripts/Hour23/LoadData.cs using Guid(ce068e2157673bf4e85f9619b88668d0) Importer(815301076,1909f56bfc062723c751e8b465ee728b)  -> (artifact id: 'cfe3323d96752ad585c6460386973359') in 0.009574 seconds
  Import took 0.011415 seconds .

========================================================================
Received Import Request.
  Time since last request: 141.505803 seconds.
  path: Assets/Scripts/Hour23/LoadData.cs
  artifactKey: Guid(ce068e2157673bf4e85f9619b88668d0) Importer(815301076,1909f56bfc062723c751e8b465ee728b)
Start importing Assets/Scripts/Hour23/LoadData.cs using Guid(ce068e2157673bf4e85f9619b88668d0) Importer(815301076,1909f56bfc062723c751e8b465ee728b)  -> (artifact id: '630b80e40965d7f4eebeb727cd8a25bc') in 0.002420 seconds
  Import took 0.004305 seconds .

========================================================================
Received Import Request.
  Time since last request: 127.412700 seconds.
  path: Assets/Scripts/Hour23/LoadData.cs
  artifactKey: Guid(ce068e2157673bf4e85f9619b88668d0) Importer(815301076,1909f56bfc062723c751e8b465ee728b)
Start importing Assets/Scripts/Hour23/LoadData.cs using Guid(ce068e2157673bf4e85f9619b88668d0) Importer(815301076,1909f56bfc062723c751e8b465ee728b)  -> (artifact id: 'cbf3b5cb5c89a7ff70fecba017399751') in 0.002210 seconds
  Import took 0.004213 seconds .

========================================================================
Received Import Request.
  Time since last request: 0.001560 seconds.
  path: Assets/Scripts/Hour23/LoadData.cs
  artifactKey: Guid(ce068e2157673bf4e85f9619b88668d0) Importer(815301076,1909f56bfc062723c751e8b465ee728b)
Start importing Assets/Scripts/Hour23/LoadData.cs using Guid(ce068e2157673bf4e85f9619b88668d0) Importer(815301076,1909f56bfc062723c751e8b465ee728b)  -> (artifact id: 'cbf3b5cb5c89a7ff70fecba017399751') in 0.018387 seconds
  Import took 0.020046 seconds .

========================================================================
Received Import Request.
  Time since last request: 169.080829 seconds.
  path: Assets/Scripts/Hour23/LoadData.cs
  artifactKey: Guid(ce068e2157673bf4e85f9619b88668d0) Importer(815301076,1909f56bfc062723c751e8b465ee728b)
Start importing Assets/Scripts/Hour23/LoadData.cs using Guid(ce068e2157673bf4e85f9619b88668d0) Importer(815301076,1909f56bfc062723c751e8b465ee728b)  -> (artifact id: '22499e410072964256087ee970a95852') in 0.002662 seconds
  Import took 0.004436 seconds .

========================================================================
Received Prepare
Registering precompiled user dll's ...
Registered in 0.001004 seconds.
Begin MonoManager ReloadAssembly
Native extension for WindowsStandalone target not found
Refreshing native plugins compatible for Editor in 0.15 ms, found 0 plugins.
Preloading 0 native plugins for Editor in 0.00 ms.
Invoked RoslynAnalysisRunner static constructor.
RoslynAnalysisRunner will not be running.
RoslynAnalysisRunner has terminated.
Mono: successfully reloaded assembly
- Completed reload, in  0.458 seconds
Platform modules already initialized, skipping
Refreshing native plugins compatible for Editor in 0.21 ms, found 0 plugins.
Preloading 0 native plugins for Editor in 0.00 ms.
Unloading 1134 Unused Serialized files (Serialized files now loaded: 0)
System memory in use before: 76.1 MB.
System memory in use after: 76.2 MB.

Unloading 4 unused Assets to reduce memory usage. Loaded Objects now: 1628.
Total: 0.924000 ms (FindLiveObjects: 0.079700 ms CreateObjectMapping: 0.015500 ms MarkObjects: 0.815000 ms  DeleteObjects: 0.012800 ms)

========================================================================
Received Prepare
Registering precompiled user dll's ...
Registered in 0.001096 seconds.
Begin MonoManager ReloadAssembly
Native extension for WindowsStandalone target not found
Refreshing native plugins compatible for Editor in 0.15 ms, found 0 plugins.
Preloading 0 native plugins for Editor in 0.00 ms.
Invoked RoslynAnalysisRunner static constructor.
RoslynAnalysisRunner will not be running.
RoslynAnalysisRunner has terminated.
Mono: successfully reloaded assembly
- Completed reload, in  0.528 seconds
Platform modules already initialized, skipping
Refreshing native plugins compatible for Editor in 0.23 ms, found 0 plugins.
Preloading 0 native plugins for Editor in 0.00 ms.
Unloading 1134 Unused Serialized files (Serialized files now loaded: 0)
System memory in use before: 76.1 MB.
System memory in use after: 76.2 MB.

Unloading 4 unused Assets to reduce memory usage. Loaded Objects now: 1631.
Total: 1.648800 ms (FindLiveObjects: 0.076200 ms CreateObjectMapping: 0.015700 ms MarkObjects: 1.538200 ms  DeleteObjects: 0.017400 ms)

AssetImportWorkerClient::OnTransportError - code=2 error=End of file
